<?xml version="1.0" encoding="UTF-8"?>
<!-- Generated by org.testng.reporters.JUnitReportReporter -->
<testsuite hostname="LAPTOP-K4HMMODF" name="HotelBooking.VerifyHotelBooking" tests="1" failures="0" timestamp="17 Nov 2019 11:08:12 GMT" time="16.036" errors="0">
  <testcase name="verifyHotelBooking" time="16.036" classname="HotelBooking.VerifyHotelBooking"/>
</testsuite> <!-- HotelBooking.VerifyHotelBooking -->
