<?xml version="1.0" encoding="UTF-8"?>
<!-- Generated by org.testng.reporters.JUnitReportReporter -->
<testsuite hostname="LAPTOP-K4HMMODF" name="FlightBooking.MakeMyTripProject" tests="1" failures="0" timestamp="16 Nov 2019 08:05:27 GMT" time="32.334" errors="0">
  <testcase name="TripDetails" time="32.334" classname="FlightBooking.MakeMyTripProject"/>
</testsuite> <!-- FlightBooking.MakeMyTripProject -->
