<?xml version="1.0" encoding="UTF-8"?>
<!-- Generated by org.testng.reporters.JUnitReportReporter -->
<testsuite hostname="LAPTOP-K4HMMODF" name="com.epam.Tasks.Frame" tests="1" failures="0" timestamp="14 Nov 2019 13:16:34 GMT" time="12.989" errors="0">
  <testcase name="testTypo" time="12.989" classname="com.epam.Tasks.Frame"/>
</testsuite> <!-- com.epam.Tasks.Frame -->
