<?xml version="1.0" encoding="UTF-8"?>
<!-- Generated by org.testng.reporters.JUnitReportReporter -->
<testsuite hostname="LAPTOP-K4HMMODF" name="com.epam.Tasks.Table" tests="3" failures="0" timestamp="14 Nov 2019 13:47:51 GMT" time="23.647" errors="0">
  <testcase name="testDelete" time="22.241" classname="com.epam.Tasks.Table"/>
  <testcase name="testTableDataWithClassesAndIds" time="0.699" classname="com.epam.Tasks.Table"/>
  <testcase name="testTableData" time="0.707" classname="com.epam.Tasks.Table"/>
</testsuite> <!-- com.epam.Tasks.Table -->
