<?xml version="1.0" encoding="UTF-8"?>
<!-- Generated by org.testng.reporters.JUnitReportReporter -->
<testsuite hostname="LAPTOP-K4HMMODF" name="com.epam.Tasks.VerifyNavigationBar" tests="1" failures="0" timestamp="16 Nov 2019 06:23:55 GMT" time="28.786" errors="0">
  <testcase name="verifyFlight" time="28.786" classname="com.epam.Tasks.VerifyNavigationBar"/>
</testsuite> <!-- com.epam.Tasks.VerifyNavigationBar -->
