<?xml version="1.0" encoding="UTF-8"?>
<!-- Generated by org.testng.reporters.JUnitReportReporter -->
<testsuite hostname="LAPTOP-K4HMMODF" name="com.epam.MakeMyTripAutomation.VerifyHomePage" tests="1" failures="0" timestamp="16 Nov 2019 06:28:59 GMT" time="75.012" errors="0">
  <testcase name="verifyBrokenLinks" time="75.012" classname="com.epam.MakeMyTripAutomation.VerifyHomePage"/>
</testsuite> <!-- com.epam.MakeMyTripAutomation.VerifyHomePage -->
