<?xml version="1.0" encoding="UTF-8"?>
<!-- Generated by org.testng.reporters.JUnitReportReporter -->
<testsuite skipped="0" hostname="EPINHYDW1503" name="testrunner.Runner" tests="1" failures="0" timestamp="2019-12-04T18:01:16 IST" time="0.046" errors="0">
  <testcase name="feature" time="0.046" classname="testrunner.Runner"/>
</testsuite> <!-- testrunner.Runner -->
