<?xml version="1.0" encoding="UTF-8"?>
<!-- Generated by org.testng.reporters.JUnitReportReporter -->
<testsuite skipped="0" hostname="EPINHYDW1503" name="com.epam.SeleniumTask2.Tasks" tests="1" failures="0" timestamp="2019-11-13T10:28:45 IST" time="3.123" errors="0">
  <testcase name="addRemoveElements" time="3.123" classname="com.epam.SeleniumTask2.Tasks"/>
</testsuite> <!-- com.epam.SeleniumTask2.Tasks -->
