<?xml version="1.0" encoding="UTF-8"?>
<!-- Generated by org.testng.reporters.JUnitReportReporter -->
<testsuite skipped="0" hostname="EPINHYDW1503" name="mmtBooking.VerifyHotelBooking" tests="1" failures="0" timestamp="2019-11-19T13:54:15 IST" time="41.454" errors="0">
  <testcase name="verifyHotelBooking" time="41.454" classname="mmtBooking.VerifyHotelBooking"/>
</testsuite> <!-- mmtBooking.VerifyHotelBooking -->
