<?xml version="1.0" encoding="UTF-8"?>
<!-- Generated by org.testng.reporters.JUnitReportReporter -->
<testsuite skipped="0" hostname="EPINHYDW1503" name="com.epam.MakeMyTripAutomation.VerifyNavigationBar" tests="1" failures="0" timestamp="2019-11-15T14:20:42 IST" time="13.553" errors="0">
  <testcase name="verifyFlight" time="13.553" classname="com.epam.MakeMyTripAutomation.VerifyNavigationBar"/>
</testsuite> <!-- com.epam.MakeMyTripAutomation.VerifyNavigationBar -->
