<?xml version="1.0" encoding="UTF-8"?>
<!-- Generated by org.testng.reporters.JUnitReportReporter -->
<testsuite skipped="0" hostname="EPINHYDW1503" name="mmtBooking.VerifyLogin" tests="1" failures="0" timestamp="2019-11-22T12:00:38 IST" time="6.532" errors="0">
  <testcase name="loginFunctionalityAutomation" time="6.532" classname="mmtBooking.VerifyLogin"/>
</testsuite> <!-- mmtBooking.VerifyLogin -->
