<?xml version="1.0" encoding="UTF-8"?>
<!-- Generated by org.testng.reporters.JUnitReportReporter -->
<testsuite skipped="0" hostname="EPINHYDW1503" name="mmtBooking.VerifyFlightBooking" tests="3" failures="0" timestamp="2019-11-19T11:23:27 IST" time="36.506" errors="0">
  <testcase name="Clickflight" time="1.899" classname="mmtBooking.VerifyFlightBooking"/>
  <testcase name="verifyFlightBooking" time="26.992" classname="mmtBooking.VerifyFlightBooking"/>
  <testcase name="verifyFlightBookingThroughDeals" time="7.615" classname="mmtBooking.VerifyFlightBooking"/>
</testsuite> <!-- mmtBooking.VerifyFlightBooking -->
