<?xml version="1.0" encoding="UTF-8"?>
<!-- Generated by org.testng.reporters.JUnitReportReporter -->
<testsuite skipped="0" hostname="EPINHYDW1503" name="com.epam.MakeMyTripAutomation.VerifyHomePage" tests="1" failures="0" timestamp="2019-11-18T10:54:49 IST" time="41.660" errors="0">
  <testcase name="verifyBrokenLinks" time="41.660" classname="com.epam.MakeMyTripAutomation.VerifyHomePage"/>
</testsuite> <!-- com.epam.MakeMyTripAutomation.VerifyHomePage -->
