<?xml version="1.0" encoding="UTF-8"?>
<!-- Generated by org.testng.reporters.JUnitReportReporter -->
<testsuite skipped="0" hostname="EPINHYDW1503" name="mmtBooking.VerifyHomePage" tests="1" failures="0" timestamp="2019-11-19T18:19:18 IST" time="5.607" errors="0">
  <testcase name="verifyNavigationBar" time="5.607" classname="mmtBooking.VerifyHomePage"/>
</testsuite> <!-- mmtBooking.VerifyHomePage -->
