<?xml version="1.0" encoding="UTF-8"?>
<!-- Generated by org.testng.reporters.JUnitReportReporter -->
<testsuite skipped="0" hostname="EPINHYDW1503" name="keywordframeworktest.Flight" tests="1" failures="0" timestamp="2019-11-21T11:24:05 IST" time="14.483" errors="0">
  <testcase name="flightTest" time="14.483" classname="keywordframeworktest.Flight"/>
</testsuite> <!-- keywordframeworktest.Flight -->
