<?xml version="1.0" encoding="UTF-8"?>
<!-- Generated by org.testng.reporters.JUnitReportReporter -->
<testsuite skipped="0" hostname="EPINHYDW1503" name="mmtBooking.BrowserStack" tests="1" failures="0" timestamp="2019-11-19T18:25:06 IST" time="15.812" errors="0">
  <testcase name="flightClicking" time="15.812" classname="mmtBooking.BrowserStack"/>
</testsuite> <!-- mmtBooking.BrowserStack -->
