<?xml version="1.0" encoding="UTF-8"?>
<!-- Generated by org.testng.reporters.JUnitReportReporter -->
<testsuite skipped="0" hostname="EPINHYDW1503" name="mmtBooking.VerifyHomePage" tests="1" failures="0" timestamp="2019-11-22T15:54:43 IST" time="10.293" errors="0">
  <testcase name="verifyMoreOptions" time="10.293" classname="mmtBooking.VerifyHomePage"/>
</testsuite> <!-- mmtBooking.VerifyHomePage -->
