<?xml version="1.0" encoding="UTF-8"?>
<!-- Generated by org.testng.reporters.JUnitReportReporter -->
<testsuite skipped="0" hostname="EPINHYDW1503" name="mmtBooking.VerifyLogin" tests="1" failures="0" timestamp="2019-11-18T15:33:54 IST" time="5.726" errors="0">
  <testcase name="verifyLogin" time="5.726" classname="mmtBooking.VerifyLogin"/>
</testsuite> <!-- mmtBooking.VerifyLogin -->
