<?xml version="1.0" encoding="UTF-8"?>
<!-- Generated by org.testng.reporters.JUnitReportReporter -->
<testsuite skipped="0" hostname="EPINHYDW1503" name="mmtBooking.VerifyFlightBooking" tests="1" failures="0" timestamp="2019-11-18T16:54:08 IST" time="7.998" errors="0">
  <testcase name="verifyFlightBookingThroughDeals" time="7.998" classname="mmtBooking.VerifyFlightBooking"/>
</testsuite> <!-- mmtBooking.VerifyFlightBooking -->
