<?xml version="1.0" encoding="UTF-8"?>
<!-- Generated by org.testng.reporters.JUnitReportReporter -->
<testsuite skipped="0" hostname="EPINHYDW1503" name="mmtBooking.VerifyLogin" tests="1" failures="0" timestamp="2019-11-19T17:41:57 IST" time="5.515" errors="0">
  <testcase name="verifyLogin" time="5.515" classname="mmtBooking.VerifyLogin"/>
</testsuite> <!-- mmtBooking.VerifyLogin -->
