<?xml version="1.0" encoding="UTF-8"?>
<!-- Generated by org.testng.reporters.JUnitReportReporter -->
<testsuite skipped="0" hostname="EPINHYDW1503" name="mmtBooking.VerifyFlightBooking" tests="1" failures="0" timestamp="2019-11-22T10:29:28 IST" time="24.772" errors="0">
  <testcase name="verifyFlightBooking" time="24.772" classname="mmtBooking.VerifyFlightBooking"/>
</testsuite> <!-- mmtBooking.VerifyFlightBooking -->
