<?xml version="1.0" encoding="UTF-8"?>
<!-- Generated by org.testng.reporters.JUnitReportReporter -->
<testsuite skipped="0" hostname="EPINHYDW1503" name="testrunner.Runner" tests="1" failures="0" timestamp="2019-12-06T10:45:19 IST" time="0.038" errors="0">
  <testcase name="feature" time="0.038" classname="testrunner.Runner"/>
</testsuite> <!-- testrunner.Runner -->
