<?xml version="1.0" encoding="UTF-8"?>
<!-- Generated by org.testng.reporters.JUnitReportReporter -->
<testsuite skipped="0" hostname="EPINHYDW1503" name="com.epam.SeleniumTask2.AddRemoveElements" tests="2" failures="0" timestamp="2019-11-12T15:06:33 IST" time="3.894" errors="0">
  <testcase name="checkBoxes" time="3.458" classname="com.epam.SeleniumTask2.AddRemoveElements"/>
  <testcase name="checkBoxes" time="0.436" classname="com.epam.SeleniumTask2.AddRemoveElements"/>
</testsuite> <!-- com.epam.SeleniumTask2.AddRemoveElements -->
