<?xml version="1.0" encoding="UTF-8"?>
<!-- Generated by org.testng.reporters.JUnitReportReporter -->
<testsuite skipped="0" hostname="EPINHYDW1503" name="com.epam.SeleniumTask2.Checkbox" tests="2" failures="0" timestamp="2019-11-13T11:57:57 IST" time="12.931" errors="0">
  <testcase name="checkBoxes" time="12.362" classname="com.epam.SeleniumTask2.Checkbox"/>
  <testcase name="checkBoxes" time="0.569" classname="com.epam.SeleniumTask2.Checkbox"/>
</testsuite> <!-- com.epam.SeleniumTask2.Checkbox -->
