<?xml version="1.0" encoding="UTF-8"?>
<!-- Generated by org.testng.reporters.JUnitReportReporter -->
<testsuite skipped="0" hostname="EPINHYDW1503" name="com.epam.SeleniumTask2.AutomateLinks" tests="1" failures="0" timestamp="2019-11-13T18:10:49 IST" time="5.361" errors="0">
  <testcase name="testChallengingDom" time="5.361" classname="com.epam.SeleniumTask2.AutomateLinks"/>
</testsuite> <!-- com.epam.SeleniumTask2.AutomateLinks -->
