<?xml version="1.0" encoding="UTF-8"?>
<!-- Generated by org.testng.reporters.JUnitReportReporter -->
<testsuite skipped="0" hostname="EPINHYDW1503" name="testrunner.Runner" tests="1" failures="0" timestamp="2019-11-25T17:51:24 IST" time="20.125" errors="0">
  <testcase name="feature" time="20.125" classname="testrunner.Runner"/>
</testsuite> <!-- testrunner.Runner -->
