<?xml version="1.0" encoding="UTF-8"?>
<!-- Generated by org.testng.reporters.JUnitReportReporter -->
<testsuite skipped="0" hostname="EPINHYDW1503" name="testrunner.Runner" tests="1" failures="0" timestamp="2019-11-22T15:35:19 IST" time="21.182" errors="0">
  <testcase name="feature" time="21.182" classname="testrunner.Runner"/>
</testsuite> <!-- testrunner.Runner -->
