<?xml version="1.0" encoding="UTF-8"?>
<!-- Generated by org.testng.reporters.JUnitReportReporter -->
<testsuite hostname="LAPTOP-K4HMMODF" name="com.epam.Tasks.AutomateLinks" tests="1" failures="0" timestamp="14 Nov 2019 14:14:44 GMT" time="18.034" errors="0">
  <testcase name="testNotification" time="18.034" classname="com.epam.Tasks.AutomateLinks"/>
</testsuite> <!-- com.epam.Tasks.AutomateLinks -->
