<?xml version="1.0" encoding="UTF-8"?>
<!-- Generated by org.testng.reporters.JUnitReportReporter -->
<testsuite hostname="LAPTOP-K4HMMODF" name="com.epam.Tasks.Large" tests="2" failures="0" timestamp="14 Nov 2019 13:12:07 GMT" time="21.992" errors="0">
  <testcase name="testLargeTable" time="3.891" classname="com.epam.Tasks.Large"/>
  <testcase name="testLarge" time="18.101" classname="com.epam.Tasks.Large"/>
</testsuite> <!-- com.epam.Tasks.Large -->
