<?xml version="1.0" encoding="UTF-8"?>
<!-- Generated by org.testng.reporters.JUnitReportReporter -->
<testsuite hostname="LAPTOP-K4HMMODF" name="com.epam.Tasks.DynamicLoading" tests="1" failures="0" timestamp="14 Nov 2019 11:57:08 GMT" time="26.586" errors="0">
  <testcase name="testDynamicLoading" time="26.586" classname="com.epam.Tasks.DynamicLoading"/>
</testsuite> <!-- com.epam.Tasks.DynamicLoading -->
